[02:50:36] [Client thread/INFO]: Setting user: Player343
[02:50:36] [Client thread/INFO]: (Session ID is token:0:Player343)
[02:50:37] [Client thread/INFO]: [OptiFine] *** Reflector Forge ***
[02:50:37] [Client thread/INFO]: [OptiFine] *** Reflector Vanilla ***
[02:50:37] [Client thread/INFO]: [OptiFine] (Reflector) Class not present: net.minecraftforge.fml.common.eventhandler.Event$Result
[02:50:37] [Client thread/INFO]: [OptiFine] (Reflector) Class not present: net.minecraft.launchwrapper.Launch
[02:50:37] [Client thread/INFO]: LWJGL Version: 2.9.4
[02:50:37] [Client thread/INFO]: [OptiFine] 
[02:50:37] [Client thread/INFO]: [OptiFine] OptiFine_1.8.9_HD_U_M6_pre2
[02:50:37] [Client thread/INFO]: [OptiFine] Build: null
[02:50:37] [Client thread/INFO]: [OptiFine] OS: Windows 10 (amd64) version 10.0
[02:50:37] [Client thread/INFO]: [OptiFine] Java: 21.0.2, Oracle Corporation
[02:50:37] [Client thread/INFO]: [OptiFine] VM: OpenJDK 64-Bit Server VM (mixed mode, sharing), Oracle Corporation
[02:50:37] [Client thread/INFO]: [OptiFine] LWJGL: 2.9.4
[02:50:37] [Client thread/INFO]: [OptiFine] OpenGL: NVIDIA GeForce RTX 2060/PCIe/SSE2, version 4.6.0 NVIDIA 537.42, NVIDIA Corporation
[02:50:37] [Client thread/INFO]: [OptiFine] OpenGL Version: 4.6.0
[02:50:37] [Client thread/INFO]: [OptiFine] Maximum texture size: 32768x32768
[02:50:37] [VersionCheck/INFO]: [OptiFine] Checking for new version
[02:50:38] [Client thread/INFO]: [Shaders] OpenGL Version: 4.6.0 NVIDIA 537.42
[02:50:38] [Client thread/INFO]: [Shaders] Vendor:  NVIDIA Corporation
[02:50:38] [Client thread/INFO]: [Shaders] Renderer: NVIDIA GeForce RTX 2060/PCIe/SSE2
[02:50:38] [Client thread/INFO]: [Shaders] Capabilities:  2.0  2.1  3.0  3.2  4.0 
[02:50:38] [Client thread/INFO]: [Shaders] GL_MAX_DRAW_BUFFERS: 8
[02:50:38] [Client thread/INFO]: [Shaders] GL_MAX_COLOR_ATTACHMENTS_EXT: 8
[02:50:38] [Client thread/INFO]: [Shaders] GL_MAX_TEXTURE_IMAGE_UNITS: 32
[02:50:38] [Client thread/INFO]: [Shaders] Load shaders configuration.
[02:50:38] [Client thread/INFO]: [Shaders] Save shaders configuration.
[02:50:38] [Client thread/INFO]: [Shaders] No shaderpack loaded.
[02:50:38] [Client thread/INFO]: [OptiFine] (Reflector) Class not present: net.minecraftforge.fml.common.Loader
[02:50:38] [Client thread/INFO]: [OptiFine] (Reflector) Class not present: net.minecraftforge.fml.client.SplashProgress
[02:50:38] [Client thread/INFO]: Reloading ResourceManager: Default
[02:50:38] [Client thread/INFO]: [OptiFine] (Reflector) Class not present: optifine.OptiFineClassTransformer
[02:50:38] [Client thread/INFO]: [OptiFine] *** Reloading textures ***
[02:50:38] [Client thread/INFO]: [OptiFine] Resource packs: Default
[02:50:38] [Client thread/INFO]: [OptiFine] (Reflector) Class not present: net.minecraftforge.client.model.Attributes
[02:50:38] [Client thread/INFO]: [OptiFine] (Reflector) Method not present: net.minecraft.client.renderer.vertex.VertexFormatElement$EnumUsage.preDraw
[02:50:38] [Client thread/INFO]: [OptiFine] (Reflector) Method not present: net.minecraft.client.renderer.vertex.VertexFormatElement$EnumUsage.postDraw
[02:50:38] [Sound Library Loader/INFO]: Starting up SoundSystem...
[02:50:38] [Thread-5/INFO]: Initializing LWJGL OpenAL
[02:50:38] [Thread-5/INFO]: (The LWJGL binding of OpenAL.  For more information, see http://www.lwjgl.org)
[02:50:38] [Thread-5/INFO]: OpenAL initialized.
[02:50:38] [VersionCheck/INFO]: [OptiFine] Version found: M5
[02:50:38] [Sound Library Loader/INFO]: Sound engine started
[02:50:38] [Client thread/INFO]: [OptiFine] (Reflector) Class not present: net.minecraftforge.client.ForgeHooksClient
[02:50:39] [Client thread/INFO]: [OptiFine] Mipmap levels: 4
[02:50:39] [Client thread/INFO]: [OptiFine] Multitexture: false
[02:50:39] [Client thread/INFO]: [OptiFine] ConnectedTextures: mcpatcher/ctm/default/0_glass_white/glass_pane_white.properties
[02:50:39] [Client thread/INFO]: [OptiFine] ConnectedTextures: mcpatcher/ctm/default/0_glass_white/glass_white.properties
[02:50:39] [Client thread/INFO]: [OptiFine] ConnectedTextures: mcpatcher/ctm/default/10_glass_purple/glass_pane_purple.properties
[02:50:39] [Client thread/INFO]: [OptiFine] ConnectedTextures: mcpatcher/ctm/default/10_glass_purple/glass_purple.properties
[02:50:39] [Client thread/INFO]: [OptiFine] ConnectedTextures: mcpatcher/ctm/default/11_glass_blue/glass_blue.properties
[02:50:39] [Client thread/INFO]: [OptiFine] ConnectedTextures: mcpatcher/ctm/default/11_glass_blue/glass_pane_blue.properties
[02:50:39] [Client thread/INFO]: [OptiFine] ConnectedTextures: mcpatcher/ctm/default/12_glass_brown/glass_brown.properties
[02:50:39] [Client thread/INFO]: [OptiFine] ConnectedTextures: mcpatcher/ctm/default/12_glass_brown/glass_pane_brown.properties
[02:50:39] [Client thread/INFO]: [OptiFine] ConnectedTextures: mcpatcher/ctm/default/13_glass_green/glass_green.properties
[02:50:39] [Client thread/INFO]: [OptiFine] ConnectedTextures: mcpatcher/ctm/default/13_glass_green/glass_pane_green.properties
[02:50:39] [Client thread/INFO]: [OptiFine] ConnectedTextures: mcpatcher/ctm/default/14_glass_red/glass_pane_red.properties
[02:50:39] [Client thread/INFO]: [OptiFine] ConnectedTextures: mcpatcher/ctm/default/14_glass_red/glass_red.properties
[02:50:39] [Client thread/INFO]: [OptiFine] ConnectedTextures: mcpatcher/ctm/default/15_glass_black/glass_black.properties
[02:50:39] [Client thread/INFO]: [OptiFine] ConnectedTextures: mcpatcher/ctm/default/15_glass_black/glass_pane_black.properties
[02:50:39] [Client thread/INFO]: [OptiFine] ConnectedTextures: mcpatcher/ctm/default/1_glass_orange/glass_orange.properties
[02:50:39] [Client thread/INFO]: [OptiFine] ConnectedTextures: mcpatcher/ctm/default/1_glass_orange/glass_pane_orange.properties
[02:50:39] [Client thread/INFO]: [OptiFine] ConnectedTextures: mcpatcher/ctm/default/2_glass_magenta/glass_magenta.properties
[02:50:39] [Client thread/INFO]: [OptiFine] ConnectedTextures: mcpatcher/ctm/default/2_glass_magenta/glass_pane_magenta.properties
[02:50:39] [Client thread/INFO]: [OptiFine] ConnectedTextures: mcpatcher/ctm/default/3_glass_light_blue/glass_light_blue.properties
[02:50:39] [Client thread/INFO]: [OptiFine] ConnectedTextures: mcpatcher/ctm/default/3_glass_light_blue/glass_pane_light_blue.properties
[02:50:39] [Client thread/INFO]: [OptiFine] ConnectedTextures: mcpatcher/ctm/default/4_glass_yellow/glass_pane_yellow.properties
[02:50:39] [Client thread/INFO]: [OptiFine] ConnectedTextures: mcpatcher/ctm/default/4_glass_yellow/glass_yellow.properties
[02:50:39] [Client thread/INFO]: [OptiFine] ConnectedTextures: mcpatcher/ctm/default/5_glass_lime/glass_lime.properties
[02:50:39] [Client thread/INFO]: [OptiFine] ConnectedTextures: mcpatcher/ctm/default/5_glass_lime/glass_pane_lime.properties
[02:50:39] [Client thread/INFO]: [OptiFine] ConnectedTextures: mcpatcher/ctm/default/6_glass_pink/glass_pane_pink.properties
[02:50:39] [Client thread/INFO]: [OptiFine] ConnectedTextures: mcpatcher/ctm/default/6_glass_pink/glass_pink.properties
[02:50:39] [Client thread/INFO]: [OptiFine] ConnectedTextures: mcpatcher/ctm/default/7_glass_gray/glass_gray.properties
[02:50:39] [Client thread/INFO]: [OptiFine] ConnectedTextures: mcpatcher/ctm/default/7_glass_gray/glass_pane_gray.properties
[02:50:39] [Client thread/INFO]: [OptiFine] ConnectedTextures: mcpatcher/ctm/default/8_glass_silver/glass_pane_silver.properties
[02:50:39] [Client thread/INFO]: [OptiFine] ConnectedTextures: mcpatcher/ctm/default/8_glass_silver/glass_silver.properties
[02:50:39] [Client thread/INFO]: [OptiFine] ConnectedTextures: mcpatcher/ctm/default/9_glass_cyan/glass_cyan.properties
[02:50:39] [Client thread/INFO]: [OptiFine] ConnectedTextures: mcpatcher/ctm/default/9_glass_cyan/glass_pane_cyan.properties
[02:50:39] [Client thread/INFO]: [OptiFine] ConnectedTextures: mcpatcher/ctm/default/bookshelf.properties
[02:50:39] [Client thread/INFO]: [OptiFine] ConnectedTextures: mcpatcher/ctm/default/glass.properties
[02:50:39] [Client thread/INFO]: [OptiFine] ConnectedTextures: mcpatcher/ctm/default/glasspane.properties
[02:50:39] [Client thread/INFO]: [OptiFine] ConnectedTextures: mcpatcher/ctm/default/sandstone.properties
[02:50:39] [Client thread/INFO]: [OptiFine] Multipass connected textures: false
[02:50:39] [Client thread/INFO]: [OptiFine] BetterGrass: Parsing default configuration optifine/bettergrass.properties
[02:50:40] [Client thread/INFO]: Created: 1024x512 textures-atlas
[02:50:40] [Client thread/INFO]: [OptiFine] Animated sprites: 11
[02:50:40] [Client thread/INFO]: [OptiFine] (Reflector) Class not present: net.minecraftforge.client.model.ModelLoader
[02:50:40] [Client thread/INFO]: [OptiFine] (Reflector) Class not present: net.minecraftforge.client.ItemModelMesherForge
[02:50:40] [Client thread/INFO]: [OptiFine] (Reflector) Class not present: net.minecraftforge.fml.client.registry.RenderingRegistry
[02:50:40] [Client thread/INFO]: [OptiFine] (Reflector) Class not present: net.minecraftforge.common.ForgeModContainer
[02:50:41] [Client thread/INFO]: [OptiFine] (Reflector) Class not present: net.minecraftforge.fml.client.GuiModList
[02:50:41] [Client thread/ERROR]: Realms module missing
java.lang.ClassNotFoundException: com.mojang.realmsclient.gui.screens.RealmsNotificationsScreen
	at java.base/jdk.internal.loader.BuiltinClassLoader.loadClass(BuiltinClassLoader.java:641) ~[?:?]
	at java.base/jdk.internal.loader.ClassLoaders$AppClassLoader.loadClass(ClassLoaders.java:188) ~[?:?]
	at java.base/java.lang.ClassLoader.loadClass(ClassLoader.java:526) ~[?:?]
	at java.base/java.lang.Class.forName0(Native Method) ~[?:?]
	at java.base/java.lang.Class.forName(Class.java:421) ~[?:?]
	at java.base/java.lang.Class.forName(Class.java:412) ~[?:?]
	at net.minecraft.realms.RealmsBridge.getNotificationScreen(RealmsBridge.java:38) [classes/:?]
	at net.minecraft.client.gui.GuiMainMenu.initGui(GuiMainMenu.java:214) [classes/:?]
	at net.minecraft.client.gui.GuiScreen.setWorldAndResolution(GuiScreen.java:483) [classes/:?]
	at net.minecraft.client.Minecraft.displayGuiScreen(Minecraft.java:915) [classes/:?]
	at net.minecraft.client.Minecraft.startGame(Minecraft.java:499) [classes/:?]
	at net.minecraft.client.Minecraft.run(Minecraft.java:329) [classes/:?]
	at net.minecraft.client.main.Main.main(Main.java:113) [classes/:?]
	at Start.main(Start.java:11) [classes/:?]
[02:50:41] [Client thread/INFO]: [OptiFine] (Reflector) Class not present: mods.betterfoliage.client.BetterFoliageClient
[02:50:41] [Client thread/INFO]: [OptiFine] (Reflector) Class not present: net.minecraftforge.fml.common.asm.transformers.BlamingTransformer
[02:50:41] [Client thread/INFO]: [OptiFine] (Reflector) Class not present: net.minecraftforge.event.world.ChunkWatchEvent$UnWatch
[02:50:41] [Client thread/INFO]: [OptiFine] (Reflector) Class not present: net.minecraftforge.fml.relauncher.CoreModManager
[02:50:41] [Client thread/INFO]: [OptiFine] (Reflector) Class not present: net.minecraftforge.common.DimensionManager
[02:50:41] [Client thread/INFO]: [OptiFine] (Reflector) Class not present: net.minecraftforge.client.event.GuiScreenEvent$DrawScreenEvent$Pre
[02:50:41] [Client thread/INFO]: [OptiFine] (Reflector) Class not present: net.minecraftforge.client.event.GuiScreenEvent$DrawScreenEvent$Post
[02:50:41] [Client thread/INFO]: [OptiFine] (Reflector) Class not present: net.minecraftforge.client.event.EntityViewRenderEvent$CameraSetup
[02:50:41] [Client thread/INFO]: [OptiFine] (Reflector) Class not present: net.minecraftforge.client.event.EntityViewRenderEvent$FogColors
[02:50:41] [Client thread/INFO]: [OptiFine] (Reflector) Class not present: net.minecraftforge.fml.common.eventhandler.Event
[02:50:41] [Client thread/INFO]: [OptiFine] (Reflector) Class not present: net.minecraftforge.fml.common.eventhandler.EventBus
[02:50:41] [Client thread/INFO]: [OptiFine] (Reflector) Class not present: net.minecraftforge.common.property.ExtendedBlockState
[02:50:41] [Client thread/INFO]: [OptiFine] (Reflector) Class not present: net.minecraftforge.fml.client.FMLClientHandler
[02:50:41] [Client thread/INFO]: [OptiFine] (Reflector) Class not present: net.minecraftforge.fml.common.FMLCommonHandler
[02:50:41] [Client thread/INFO]: [OptiFine] (Reflector) Method not present: net.minecraft.world.biome.BiomeGenBase.getWaterColorMultiplier
[02:50:41] [Client thread/INFO]: [OptiFine] (Reflector) Method not present: net.minecraft.block.Block.addDestroyEffects
[02:50:41] [Client thread/INFO]: [OptiFine] (Reflector) Method not present: net.minecraft.block.Block.addHitEffects
[02:50:41] [Client thread/INFO]: [OptiFine] (Reflector) Method not present: net.minecraft.block.Block.canCreatureSpawn
[02:50:41] [Client thread/INFO]: [OptiFine] (Reflector) Method not present: net.minecraft.block.Block.canRenderInLayer
[02:50:41] [Client thread/INFO]: [OptiFine] (Reflector) Method not present: net.minecraft.block.Block.doesSideBlockRendering
[02:50:41] [Client thread/INFO]: [OptiFine] (Reflector) Method not present: net.minecraft.block.Block.getBedDirection
[02:50:41] [Client thread/INFO]: [OptiFine] (Reflector) Method not present: net.minecraft.block.Block.getExtendedState
[02:50:41] [Client thread/INFO]: [OptiFine] (Reflector) Method not present: net.minecraft.block.Block.getLightOpacity
[02:50:41] [Client thread/INFO]: [OptiFine] (Reflector) Method not present: net.minecraft.block.Block.getLightValue
[02:50:41] [Client thread/INFO]: [OptiFine] (Reflector) Method not present: net.minecraft.block.Block.hasTileEntity
[02:50:41] [Client thread/INFO]: [OptiFine] (Reflector) Method not present: net.minecraft.block.Block.isAir
[02:50:41] [Client thread/INFO]: [OptiFine] (Reflector) Method not present: net.minecraft.block.Block.isBed
[02:50:41] [Client thread/INFO]: [OptiFine] (Reflector) Method not present: net.minecraft.block.Block.isBedFoot
[02:50:41] [Client thread/INFO]: [OptiFine] (Reflector) Method not present: net.minecraft.block.Block.isSideSolid
[02:50:41] [Client thread/INFO]: [OptiFine] (Reflector) Method not present: net.minecraft.world.ChunkCache.isSideSolid
[02:50:41] [Client thread/INFO]: [OptiFine] (Reflector) Method not present: net.minecraft.entity.Entity.canRiderInteract
[02:50:41] [Client thread/INFO]: [OptiFine] (Reflector) Field not present: net.minecraft.entity.Entity.captureDrops
[02:50:41] [Client thread/INFO]: [OptiFine] (Reflector) Field not present: net.minecraft.entity.Entity.capturedDrops
[02:50:41] [Client thread/INFO]: [OptiFine] (Reflector) Method not present: net.minecraft.entity.Entity.shouldRenderInPass
[02:50:41] [Client thread/INFO]: [OptiFine] (Reflector) Method not present: net.minecraft.entity.Entity.shouldRiderSit
[02:50:41] [Client thread/INFO]: [OptiFine] (Reflector) Class not present: net.minecraftforge.event.ForgeEventFactory
[02:50:41] [Client thread/INFO]: [OptiFine] (Reflector) Class not present: net.minecraftforge.common.ForgeHooks
[02:50:41] [Client thread/INFO]: [OptiFine] (Reflector) Field not present: net.minecraft.item.Item.delegate
[02:50:41] [Client thread/INFO]: [OptiFine] (Reflector) Method not present: net.minecraft.item.Item.getDurabilityForDisplay
[02:50:41] [Client thread/INFO]: [OptiFine] (Reflector) Method not present: net.minecraft.item.Item.getModel
[02:50:41] [Client thread/INFO]: [OptiFine] (Reflector) Method not present: net.minecraft.item.Item.onEntitySwing
[02:50:41] [Client thread/INFO]: [OptiFine] (Reflector) Method not present: net.minecraft.item.Item.shouldCauseReequipAnimation
[02:50:41] [Client thread/INFO]: [OptiFine] (Reflector) Method not present: net.minecraft.item.Item.showDurabilityBar
[02:50:41] [Client thread/INFO]: [OptiFine] (Reflector) Method not present: net.minecraft.potion.PotionEffect.isCurativeItem
[02:50:41] [Client thread/INFO]: [OptiFine] (Reflector) Method not present: net.minecraft.tileentity.TileEntity.canRenderBreaking
[02:50:41] [Client thread/INFO]: [OptiFine] (Reflector) Method not present: net.minecraft.tileentity.TileEntity.getRenderBoundingBox
[02:50:41] [Client thread/INFO]: [OptiFine] (Reflector) Method not present: net.minecraft.tileentity.TileEntity.hasFastRenderer
[02:50:41] [Client thread/INFO]: [OptiFine] (Reflector) Method not present: net.minecraft.tileentity.TileEntity.shouldRenderInPass
[02:50:41] [Client thread/INFO]: [OptiFine] (Reflector) Method not present: net.minecraft.world.World.countEntities
[02:50:41] [Client thread/INFO]: [OptiFine] (Reflector) Method not present: net.minecraft.world.World.getPerWorldStorage
[02:50:41] [Client thread/INFO]: [OptiFine] (Reflector) Method not present: net.minecraft.world.WorldProvider.getCloudRenderer
[02:50:41] [Client thread/INFO]: [OptiFine] (Reflector) Method not present: net.minecraft.world.WorldProvider.getSkyRenderer
[02:50:41] [Client thread/INFO]: [OptiFine] (Reflector) Method not present: net.minecraft.world.WorldProvider.getWeatherRenderer
[02:50:41] [Client thread/INFO]: [OptiFine] (Reflector) Method not present: net.minecraft.world.WorldProvider.getSaveFolder
[02:50:41] [Client thread/INFO]: [OptiFine] (Reflector) Class not present: net.minecraftforge.client.model.IColoredBakedQuad
[02:50:41] [Client thread/INFO]: [OptiFine] (Reflector) Class not present: net.minecraftforge.common.property.IExtendedBlockState
[02:50:41] [Client thread/INFO]: [OptiFine] (Reflector) Class not present: net.minecraftforge.client.model.IModel
[02:50:41] [Client thread/INFO]: [OptiFine] (Reflector) Class not present: net.minecraftforge.client.IRenderHandler
[02:50:41] [Client thread/INFO]: [OptiFine] (Reflector) Class not present: net.minecraftforge.client.model.pipeline.LightUtil
[02:50:41] [Client thread/INFO]: [OptiFine] (Reflector) Class not present: net.minecraftforge.common.MinecraftForge
[02:50:41] [Client thread/INFO]: [OptiFine] (Reflector) Class not present: net.minecraftforge.client.MinecraftForgeClient
[02:50:41] [Client thread/INFO]: [OptiFine] (Reflector) Class not present: net.minecraftforge.fml.common.ModContainer
[02:50:41] [Client thread/INFO]: [OptiFine] (Reflector) Class not present: net.minecraftforge.client.model.ModelLoader$VanillaLoader
[02:50:41] [Client thread/INFO]: [OptiFine] (Reflector) Class not present: net.minecraftforge.client.event.RenderBlockOverlayEvent$OverlayType
[02:50:41] [Client thread/INFO]: [OptiFine] (Reflector) Class not present: net.minecraftforge.client.event.RenderItemInFrameEvent
[02:50:41] [Client thread/INFO]: [OptiFine] (Reflector) Class not present: net.minecraftforge.client.event.RenderLivingEvent$Pre
[02:50:41] [Client thread/INFO]: [OptiFine] (Reflector) Class not present: net.minecraftforge.client.event.RenderLivingEvent$Post
[02:50:41] [Client thread/INFO]: [OptiFine] (Reflector) Class not present: net.minecraftforge.client.event.RenderLivingEvent$Specials$Pre
[02:50:41] [Client thread/INFO]: [OptiFine] (Reflector) Class not present: net.minecraftforge.client.event.RenderLivingEvent$Specials$Post
[02:50:41] [Client thread/INFO]: [OptiFine] (Reflector) Class not present: net.minecraftforge.event.world.WorldEvent$Load
[02:50:41] [Client thread/INFO]: [OptiFine] *** Reloading custom textures ***
[02:50:41] [Client thread/INFO]: [OptiFine] Enable face culling: acacia_leaves, birch_leaves, dark_oak_leaves, jungle_leaves, oak_leaves, spruce_leaves
[02:51:36] [Client thread/ERROR]: Realms module missing
java.lang.ClassNotFoundException: com.mojang.realmsclient.gui.screens.RealmsNotificationsScreen
	at java.base/jdk.internal.loader.BuiltinClassLoader.loadClass(BuiltinClassLoader.java:641) ~[?:?]
	at java.base/jdk.internal.loader.ClassLoaders$AppClassLoader.loadClass(ClassLoaders.java:188) ~[?:?]
	at java.base/java.lang.ClassLoader.loadClass(ClassLoader.java:526) ~[?:?]
	at java.base/java.lang.Class.forName0(Native Method) ~[?:?]
	at java.base/java.lang.Class.forName(Class.java:421) ~[?:?]
	at java.base/java.lang.Class.forName(Class.java:412) ~[?:?]
	at net.minecraft.realms.RealmsBridge.getNotificationScreen(RealmsBridge.java:38) [classes/:?]
	at net.minecraft.client.gui.GuiMainMenu.initGui(GuiMainMenu.java:214) [classes/:?]
	at net.minecraft.client.gui.GuiScreen.setWorldAndResolution(GuiScreen.java:483) [classes/:?]
	at net.minecraft.client.Minecraft.displayGuiScreen(Minecraft.java:915) [classes/:?]
	at net.minecraft.client.gui.GuiSelectWorld.func_146615_e(GuiSelectWorld.java:165) [classes/:?]
	at net.minecraft.client.gui.GuiSelectWorld$List.elementClicked(GuiSelectWorld.java:257) [classes/:?]
	at net.minecraft.client.gui.GuiSlot.handleMouseInput(GuiSlot.java:299) [classes/:?]
	at net.minecraft.client.gui.GuiSelectWorld.handleMouseInput(GuiSelectWorld.java:74) [classes/:?]
	at net.minecraft.client.gui.GuiScreen.handleInput(GuiScreen.java:502) [classes/:?]
	at net.minecraft.client.Minecraft.runTick(Minecraft.java:1650) [classes/:?]
	at net.minecraft.client.Minecraft.runGameLoop(Minecraft.java:1009) [classes/:?]
	at net.minecraft.client.Minecraft.run(Minecraft.java:349) [classes/:?]
	at net.minecraft.client.main.Main.main(Main.java:113) [classes/:?]
	at Start.main(Start.java:11) [classes/:?]
[02:51:36] [Server thread/INFO]: Starting integrated minecraft server version 1.9
[02:51:36] [Server thread/INFO]: Generating keypair
[02:51:36] [Server thread/INFO]: Preparing start region for level 0
[02:51:36] [Server thread/INFO]: Changing view distance to 8, from 10
[02:51:36] [Client thread/ERROR]: Realms module missing
java.lang.ClassNotFoundException: com.mojang.realmsclient.gui.screens.RealmsNotificationsScreen
	at java.base/jdk.internal.loader.BuiltinClassLoader.loadClass(BuiltinClassLoader.java:641) ~[?:?]
	at java.base/jdk.internal.loader.ClassLoaders$AppClassLoader.loadClass(ClassLoaders.java:188) ~[?:?]
	at java.base/java.lang.ClassLoader.loadClass(ClassLoader.java:526) ~[?:?]
	at java.base/java.lang.Class.forName0(Native Method) ~[?:?]
	at java.base/java.lang.Class.forName(Class.java:421) ~[?:?]
	at java.base/java.lang.Class.forName(Class.java:412) ~[?:?]
	at net.minecraft.realms.RealmsBridge.getNotificationScreen(RealmsBridge.java:38) [classes/:?]
	at net.minecraft.client.gui.GuiMainMenu.initGui(GuiMainMenu.java:214) [classes/:?]
	at net.minecraft.client.gui.GuiScreen.setWorldAndResolution(GuiScreen.java:483) [classes/:?]
	at net.minecraft.client.Minecraft.displayGuiScreen(Minecraft.java:915) [classes/:?]
	at net.minecraft.client.Minecraft.launchIntegratedServer(Minecraft.java:2188) [classes/:?]
	at net.minecraft.client.gui.GuiSelectWorld.func_146615_e(GuiSelectWorld.java:186) [classes/:?]
	at net.minecraft.client.gui.GuiSelectWorld$List.elementClicked(GuiSelectWorld.java:257) [classes/:?]
	at net.minecraft.client.gui.GuiSlot.handleMouseInput(GuiSlot.java:299) [classes/:?]
	at net.minecraft.client.gui.GuiSelectWorld.handleMouseInput(GuiSelectWorld.java:74) [classes/:?]
	at net.minecraft.client.gui.GuiScreen.handleInput(GuiScreen.java:502) [classes/:?]
	at net.minecraft.client.Minecraft.runTick(Minecraft.java:1650) [classes/:?]
	at net.minecraft.client.Minecraft.runGameLoop(Minecraft.java:1009) [classes/:?]
	at net.minecraft.client.Minecraft.run(Minecraft.java:349) [classes/:?]
	at net.minecraft.client.main.Main.main(Main.java:113) [classes/:?]
	at Start.main(Start.java:11) [classes/:?]
[02:51:37] [Server thread/INFO]: Player343[local:E:f8276c53] logged in with entity id 40 at (330.7290192293524, 71.0, 416.3022929289501)
[02:51:37] [Server thread/INFO]: Player343 joined the game
[02:52:28] [Client thread/INFO]: Stopping!
[02:52:29] [Client thread/INFO]: SoundSystem shutting down...
[02:52:29] [Server thread/INFO]: Stopping server
[02:52:29] [Server thread/INFO]: Saving players
[02:52:29] [Server thread/INFO]: Saving worlds
[02:52:29] [Server thread/INFO]: Saving chunks for level 'mcpworld'/Overworld
[02:52:29] [Server thread/INFO]: Saving chunks for level 'mcpworld'/Nether
[02:52:29] [Server thread/INFO]: Saving chunks for level 'mcpworld'/The End
[02:52:29] [Client thread/WARN]: Author: Paul Lamb, www.paulscode.com
